  Timer.cpp
  Primitive.cpp
  PhysVehicle3D.cpp
c:\users\pccom\documents\upc\gt-engine\gameengine\physvehicle3d.cpp(30): warning C4305: 'inicializando': truncamiento de 'double' a 'float'
c:\users\pccom\documents\upc\gt-engine\gameengine\physvehicle3d.cpp(93): warning C4244: 'argumento': conversión de 'float' a 'int'; posible pérdida de datos
c:\users\pccom\documents\upc\gt-engine\gameengine\physvehicle3d.cpp(102): warning C4244: '=': conversión de 'double' a 'float'; posible pérdida de datos
c:\users\pccom\documents\upc\gt-engine\gameengine\physvehicle3d.cpp(103): warning C4244: '=': conversión de 'double' a 'float'; posible pérdida de datos
c:\users\pccom\documents\upc\gt-engine\gameengine\physvehicle3d.cpp(105): warning C4244: '=': conversión de 'double' a 'float'; posible pérdida de datos
c:\users\pccom\documents\upc\gt-engine\gameengine\physvehicle3d.cpp(106): warning C4244: '=': conversión de 'double' a 'float'; posible pérdida de datos
c:\program files (x86)\microsoft visual studio 14.0\vc\include\exception(359): warning C4577: si se usa 'noexcept' sin ningún modo de control de excepciones especificado, la finalización de la excepción no está garantizada. Especifique /EHsc
  PhysBody3D.cpp
c:\program files (x86)\microsoft visual studio 14.0\vc\include\exception(359): warning C4577: si se usa 'noexcept' sin ningún modo de control de excepciones especificado, la finalización de la excepción no está garantizada. Especifique /EHsc
  ModuleWindow.cpp
c:\program files (x86)\microsoft visual studio 14.0\vc\include\exception(359): warning C4577: si se usa 'noexcept' sin ningún modo de control de excepciones especificado, la finalización de la excepción no está garantizada. Especifique /EHsc
  ModuleScene.cpp
c:\program files (x86)\microsoft visual studio 14.0\vc\include\exception(359): warning C4577: si se usa 'noexcept' sin ningún modo de control de excepciones especificado, la finalización de la excepción no está garantizada. Especifique /EHsc
  ModuleRenderer3D.cpp
c:\program files (x86)\microsoft visual studio 14.0\vc\include\exception(359): warning C4577: si se usa 'noexcept' sin ningún modo de control de excepciones especificado, la finalización de la excepción no está garantizada. Especifique /EHsc
  ModulePlayer.cpp
c:\program files (x86)\microsoft visual studio 14.0\vc\include\exception(359): warning C4577: si se usa 'noexcept' sin ningún modo de control de excepciones especificado, la finalización de la excepción no está garantizada. Especifique /EHsc
  ModulePhysics3D.cpp
c:\users\pccom\documents\upc\gt-engine\gameengine\modulephysics3d.cpp(274): warning C4305: 'inicializando': truncamiento de 'double' a 'float'
c:\users\pccom\documents\upc\gt-engine\gameengine\modulephysics3d.cpp(291): warning C4244: 'argumento': conversión de 'double' a 'const btScalar'; posible pérdida de datos
c:\users\pccom\documents\upc\gt-engine\gameengine\modulephysics3d.cpp(297): warning C4244: 'argumento': conversión de 'double' a 'const btScalar'; posible pérdida de datos
c:\users\pccom\documents\upc\gt-engine\gameengine\modulephysics3d.cpp(303): warning C4244: 'argumento': conversión de 'double' a 'const btScalar'; posible pérdida de datos
c:\users\pccom\documents\upc\gt-engine\gameengine\modulephysics3d.cpp(306): warning C4244: 'argumento': conversión de 'double' a 'const btScalar'; posible pérdida de datos
c:\users\pccom\documents\upc\gt-engine\gameengine\modulephysics3d.cpp(312): warning C4244: 'argumento': conversión de 'double' a 'const btScalar'; posible pérdida de datos
c:\users\pccom\documents\upc\gt-engine\gameengine\modulephysics3d.cpp(315): warning C4244: 'argumento': conversión de 'double' a 'const btScalar'; posible pérdida de datos
c:\users\pccom\documents\upc\gt-engine\gameengine\modulephysics3d.cpp(330): warning C4244: 'argumento': conversión de 'double' a 'const btScalar'; posible pérdida de datos
c:\users\pccom\documents\upc\gt-engine\gameengine\modulephysics3d.cpp(340): warning C4244: 'argumento': conversión de 'double' a 'const btScalar'; posible pérdida de datos
c:\users\pccom\documents\upc\gt-engine\gameengine\modulephysics3d.cpp(357): warning C4244: 'argumento': conversión de 'double' a 'const btScalar'; posible pérdida de datos
c:\users\pccom\documents\upc\gt-engine\gameengine\modulephysics3d.cpp(471): warning C4244: 'argumento': conversión de 'double' a 'const btScalar'; posible pérdida de datos
c:\users\pccom\documents\upc\gt-engine\gameengine\modulephysics3d.cpp(494): warning C4244: 'argumento': conversión de 'double' a 'const btScalar'; posible pérdida de datos
c:\users\pccom\documents\upc\gt-engine\gameengine\modulephysics3d.cpp(497): warning C4244: 'argumento': conversión de 'double' a 'const btScalar'; posible pérdida de datos
c:\users\pccom\documents\upc\gt-engine\gameengine\modulephysics3d.cpp(512): warning C4244: 'argumento': conversión de 'double' a 'const btScalar'; posible pérdida de datos
c:\users\pccom\documents\upc\gt-engine\gameengine\modulephysics3d.cpp(515): warning C4244: 'argumento': conversión de 'double' a 'const btScalar'; posible pérdida de datos
c:\program files (x86)\microsoft visual studio 14.0\vc\include\exception(359): warning C4577: si se usa 'noexcept' sin ningún modo de control de excepciones especificado, la finalización de la excepción no está garantizada. Especifique /EHsc
  ModuleInput.cpp
c:\program files (x86)\microsoft visual studio 14.0\vc\include\exception(359): warning C4577: si se usa 'noexcept' sin ningún modo de control de excepciones especificado, la finalización de la excepción no está garantizada. Especifique /EHsc
  ModuleEditor.cpp
c:\program files (x86)\microsoft visual studio 14.0\vc\include\exception(359): warning C4577: si se usa 'noexcept' sin ningún modo de control de excepciones especificado, la finalización de la excepción no está garantizada. Especifique /EHsc
  ModuleCamera3D.cpp
c:\program files (x86)\microsoft visual studio 14.0\vc\include\exception(359): warning C4577: si se usa 'noexcept' sin ningún modo de control de excepciones especificado, la finalización de la excepción no está garantizada. Especifique /EHsc
  ModuleAudio.cpp
c:\program files (x86)\microsoft visual studio 14.0\vc\include\exception(359): warning C4577: si se usa 'noexcept' sin ningún modo de control de excepciones especificado, la finalización de la excepción no está garantizada. Especifique /EHsc
  Main.cpp
c:\program files (x86)\microsoft visual studio 14.0\vc\include\exception(359): warning C4577: si se usa 'noexcept' sin ningún modo de control de excepciones especificado, la finalización de la excepción no está garantizada. Especifique /EHsc
  log.cpp
  Light.cpp
  imgui_draw.cpp
  imgui.cpp
  glmath.cpp
c:\users\pccom\documents\upc\gt-engine\gameengine\glmath.cpp(12): warning C4244: 'return': conversión de 'double' a 'float'; posible pérdida de datos
c:\users\pccom\documents\upc\gt-engine\gameengine\glmath.cpp(27): warning C4244: 'argumento': conversión de 'double' a 'float'; posible pérdida de datos
c:\users\pccom\documents\upc\gt-engine\gameengine\glmath.cpp(43): warning C4244: 'argumento': conversión de 'double' a 'float'; posible pérdida de datos
c:\users\pccom\documents\upc\gt-engine\gameengine\glmath.cpp(53): warning C4244: 'inicializando': conversión de 'double' a 'float'; posible pérdida de datos
c:\users\pccom\documents\upc\gt-engine\gameengine\glmath.cpp(72): warning C4244: 'return': conversión de 'double' a 'float'; posible pérdida de datos
c:\users\pccom\documents\upc\gt-engine\gameengine\glmath.cpp(87): warning C4244: 'argumento': conversión de 'double' a 'float'; posible pérdida de datos
c:\users\pccom\documents\upc\gt-engine\gameengine\glmath.cpp(103): warning C4244: 'argumento': conversión de 'double' a 'float'; posible pérdida de datos
c:\users\pccom\documents\upc\gt-engine\gameengine\glmath.cpp(600): warning C4244: 'inicializando': conversión de 'double' a 'float'; posible pérdida de datos
c:\users\pccom\documents\upc\gt-engine\gameengine\glmath.cpp(618): warning C4244: 'inicializando': conversión de 'double' a 'float'; posible pérdida de datos
c:\users\pccom\documents\upc\gt-engine\gameengine\glmath.cpp(758): warning C4244: 'inicializando': conversión de 'double' a 'float'; posible pérdida de datos
c:\users\pccom\documents\upc\gt-engine\gameengine\glmath.cpp(778): warning C4244: 'inicializando': conversión de 'double' a 'float'; posible pérdida de datos
  Color.cpp
  Generando código...
  Compilando...
  Application.cpp
c:\program files (x86)\microsoft visual studio 14.0\vc\include\exception(359): warning C4577: si se usa 'noexcept' sin ningún modo de control de excepciones especificado, la finalización de la excepción no está garantizada. Especifique /EHsc
  Generando código...
BulletDynamics_debug.lib(btConeTwistConstraint.obj) : warning LNK4099: no se encontró PDB 'BulletDynamics.pdb' con 'BulletDynamics_debug.lib(btConeTwistConstraint.obj)' o en 'C:\Users\PcCom\Documents\UPC\GT-Engine\GameEngine\Debug\BulletDynamics.pdb'; se vinculará el objeto sin tener en cuenta información de depuración
BulletDynamics_debug.lib(btContactConstraint.obj) : warning LNK4099: no se encontró PDB 'BulletDynamics.pdb' con 'BulletDynamics_debug.lib(btContactConstraint.obj)' o en 'C:\Users\PcCom\Documents\UPC\GT-Engine\GameEngine\Debug\BulletDynamics.pdb'; se vinculará el objeto sin tener en cuenta información de depuración
BulletDynamics_debug.lib(btGeneric6DofConstraint.obj) : warning LNK4099: no se encontró PDB 'BulletDynamics.pdb' con 'BulletDynamics_debug.lib(btGeneric6DofConstraint.obj)' o en 'C:\Users\PcCom\Documents\UPC\GT-Engine\GameEngine\Debug\BulletDynamics.pdb'; se vinculará el objeto sin tener en cuenta información de depuración
BulletDynamics_debug.lib(btHingeConstraint.obj) : warning LNK4099: no se encontró PDB 'BulletDynamics.pdb' con 'BulletDynamics_debug.lib(btHingeConstraint.obj)' o en 'C:\Users\PcCom\Documents\UPC\GT-Engine\GameEngine\Debug\BulletDynamics.pdb'; se vinculará el objeto sin tener en cuenta información de depuración
BulletDynamics_debug.lib(btPoint2PointConstraint.obj) : warning LNK4099: no se encontró PDB 'BulletDynamics.pdb' con 'BulletDynamics_debug.lib(btPoint2PointConstraint.obj)' o en 'C:\Users\PcCom\Documents\UPC\GT-Engine\GameEngine\Debug\BulletDynamics.pdb'; se vinculará el objeto sin tener en cuenta información de depuración
BulletDynamics_debug.lib(btSequentialImpulseConstraintSolver.obj) : warning LNK4099: no se encontró PDB 'BulletDynamics.pdb' con 'BulletDynamics_debug.lib(btSequentialImpulseConstraintSolver.obj)' o en 'C:\Users\PcCom\Documents\UPC\GT-Engine\GameEngine\Debug\BulletDynamics.pdb'; se vinculará el objeto sin tener en cuenta información de depuración
BulletDynamics_debug.lib(btSliderConstraint.obj) : warning LNK4099: no se encontró PDB 'BulletDynamics.pdb' con 'BulletDynamics_debug.lib(btSliderConstraint.obj)' o en 'C:\Users\PcCom\Documents\UPC\GT-Engine\GameEngine\Debug\BulletDynamics.pdb'; se vinculará el objeto sin tener en cuenta información de depuración
BulletDynamics_debug.lib(btTypedConstraint.obj) : warning LNK4099: no se encontró PDB 'BulletDynamics.pdb' con 'BulletDynamics_debug.lib(btTypedConstraint.obj)' o en 'C:\Users\PcCom\Documents\UPC\GT-Engine\GameEngine\Debug\BulletDynamics.pdb'; se vinculará el objeto sin tener en cuenta información de depuración
BulletDynamics_debug.lib(btDiscreteDynamicsWorld.obj) : warning LNK4099: no se encontró PDB 'BulletDynamics.pdb' con 'BulletDynamics_debug.lib(btDiscreteDynamicsWorld.obj)' o en 'C:\Users\PcCom\Documents\UPC\GT-Engine\GameEngine\Debug\BulletDynamics.pdb'; se vinculará el objeto sin tener en cuenta información de depuración
BulletDynamics_debug.lib(btRigidBody.obj) : warning LNK4099: no se encontró PDB 'BulletDynamics.pdb' con 'BulletDynamics_debug.lib(btRigidBody.obj)' o en 'C:\Users\PcCom\Documents\UPC\GT-Engine\GameEngine\Debug\BulletDynamics.pdb'; se vinculará el objeto sin tener en cuenta información de depuración
BulletDynamics_debug.lib(btRaycastVehicle.obj) : warning LNK4099: no se encontró PDB 'BulletDynamics.pdb' con 'BulletDynamics_debug.lib(btRaycastVehicle.obj)' o en 'C:\Users\PcCom\Documents\UPC\GT-Engine\GameEngine\Debug\BulletDynamics.pdb'; se vinculará el objeto sin tener en cuenta información de depuración
BulletDynamics_debug.lib(btWheelInfo.obj) : warning LNK4099: no se encontró PDB 'BulletDynamics.pdb' con 'BulletDynamics_debug.lib(btWheelInfo.obj)' o en 'C:\Users\PcCom\Documents\UPC\GT-Engine\GameEngine\Debug\BulletDynamics.pdb'; se vinculará el objeto sin tener en cuenta información de depuración
BulletCollision_debug.lib(btCollisionAlgorithm.obj) : warning LNK4099: no se encontró PDB 'BulletCollision.pdb' con 'BulletCollision_debug.lib(btCollisionAlgorithm.obj)' o en 'C:\Users\PcCom\Documents\UPC\GT-Engine\GameEngine\Debug\BulletCollision.pdb'; se vinculará el objeto sin tener en cuenta información de depuración
BulletCollision_debug.lib(btDbvt.obj) : warning LNK4099: no se encontró PDB 'BulletCollision.pdb' con 'BulletCollision_debug.lib(btDbvt.obj)' o en 'C:\Users\PcCom\Documents\UPC\GT-Engine\GameEngine\Debug\BulletCollision.pdb'; se vinculará el objeto sin tener en cuenta información de depuración
BulletCollision_debug.lib(btDbvtBroadphase.obj) : warning LNK4099: no se encontró PDB 'BulletCollision.pdb' con 'BulletCollision_debug.lib(btDbvtBroadphase.obj)' o en 'C:\Users\PcCom\Documents\UPC\GT-Engine\GameEngine\Debug\BulletCollision.pdb'; se vinculará el objeto sin tener en cuenta información de depuración
BulletCollision_debug.lib(btDispatcher.obj) : warning LNK4099: no se encontró PDB 'BulletCollision.pdb' con 'BulletCollision_debug.lib(btDispatcher.obj)' o en 'C:\Users\PcCom\Documents\UPC\GT-Engine\GameEngine\Debug\BulletCollision.pdb'; se vinculará el objeto sin tener en cuenta información de depuración
BulletCollision_debug.lib(btOverlappingPairCache.obj) : warning LNK4099: no se encontró PDB 'BulletCollision.pdb' con 'BulletCollision_debug.lib(btOverlappingPairCache.obj)' o en 'C:\Users\PcCom\Documents\UPC\GT-Engine\GameEngine\Debug\BulletCollision.pdb'; se vinculará el objeto sin tener en cuenta información de depuración
BulletCollision_debug.lib(btQuantizedBvh.obj) : warning LNK4099: no se encontró PDB 'BulletCollision.pdb' con 'BulletCollision_debug.lib(btQuantizedBvh.obj)' o en 'C:\Users\PcCom\Documents\UPC\GT-Engine\GameEngine\Debug\BulletCollision.pdb'; se vinculará el objeto sin tener en cuenta información de depuración
BulletCollision_debug.lib(btActivatingCollisionAlgorithm.obj) : warning LNK4099: no se encontró PDB 'BulletCollision.pdb' con 'BulletCollision_debug.lib(btActivatingCollisionAlgorithm.obj)' o en 'C:\Users\PcCom\Documents\UPC\GT-Engine\GameEngine\Debug\BulletCollision.pdb'; se vinculará el objeto sin tener en cuenta información de depuración
BulletCollision_debug.lib(btBoxBoxCollisionAlgorithm.obj) : warning LNK4099: no se encontró PDB 'BulletCollision.pdb' con 'BulletCollision_debug.lib(btBoxBoxCollisionAlgorithm.obj)' o en 'C:\Users\PcCom\Documents\UPC\GT-Engine\GameEngine\Debug\BulletCollision.pdb'; se vinculará el objeto sin tener en cuenta información de depuración
BulletCollision_debug.lib(btBoxBoxDetector.obj) : warning LNK4099: no se encontró PDB 'BulletCollision.pdb' con 'BulletCollision_debug.lib(btBoxBoxDetector.obj)' o en 'C:\Users\PcCom\Documents\UPC\GT-Engine\GameEngine\Debug\BulletCollision.pdb'; se vinculará el objeto sin tener en cuenta información de depuración
BulletCollision_debug.lib(btCollisionDispatcher.obj) : warning LNK4099: no se encontró PDB 'BulletCollision.pdb' con 'BulletCollision_debug.lib(btCollisionDispatcher.obj)' o en 'C:\Users\PcCom\Documents\UPC\GT-Engine\GameEngine\Debug\BulletCollision.pdb'; se vinculará el objeto sin tener en cuenta información de depuración
BulletCollision_debug.lib(btCollisionObject.obj) : warning LNK4099: no se encontró PDB 'BulletCollision.pdb' con 'BulletCollision_debug.lib(btCollisionObject.obj)' o en 'C:\Users\PcCom\Documents\UPC\GT-Engine\GameEngine\Debug\BulletCollision.pdb'; se vinculará el objeto sin tener en cuenta información de depuración
BulletCollision_debug.lib(btCollisionWorld.obj) : warning LNK4099: no se encontró PDB 'BulletCollision.pdb' con 'BulletCollision_debug.lib(btCollisionWorld.obj)' o en 'C:\Users\PcCom\Documents\UPC\GT-Engine\GameEngine\Debug\BulletCollision.pdb'; se vinculará el objeto sin tener en cuenta información de depuración
BulletCollision_debug.lib(btCompoundCollisionAlgorithm.obj) : warning LNK4099: no se encontró PDB 'BulletCollision.pdb' con 'BulletCollision_debug.lib(btCompoundCollisionAlgorithm.obj)' o en 'C:\Users\PcCom\Documents\UPC\GT-Engine\GameEngine\Debug\BulletCollision.pdb'; se vinculará el objeto sin tener en cuenta información de depuración
BulletCollision_debug.lib(btCompoundCompoundCollisionAlgorithm.obj) : warning LNK4099: no se encontró PDB 'BulletCollision.pdb' con 'BulletCollision_debug.lib(btCompoundCompoundCollisionAlgorithm.obj)' o en 'C:\Users\PcCom\Documents\UPC\GT-Engine\GameEngine\Debug\BulletCollision.pdb'; se vinculará el objeto sin tener en cuenta información de depuración
BulletCollision_debug.lib(btConvexConcaveCollisionAlgorithm.obj) : warning LNK4099: no se encontró PDB 'BulletCollision.pdb' con 'BulletCollision_debug.lib(btConvexConcaveCollisionAlgorithm.obj)' o en 'C:\Users\PcCom\Documents\UPC\GT-Engine\GameEngine\Debug\BulletCollision.pdb'; se vinculará el objeto sin tener en cuenta información de depuración
BulletCollision_debug.lib(btConvexConvexAlgorithm.obj) : warning LNK4099: no se encontró PDB 'BulletCollision.pdb' con 'BulletCollision_debug.lib(btConvexConvexAlgorithm.obj)' o en 'C:\Users\PcCom\Documents\UPC\GT-Engine\GameEngine\Debug\BulletCollision.pdb'; se vinculará el objeto sin tener en cuenta información de depuración
BulletCollision_debug.lib(btConvexPlaneCollisionAlgorithm.obj) : warning LNK4099: no se encontró PDB 'BulletCollision.pdb' con 'BulletCollision_debug.lib(btConvexPlaneCollisionAlgorithm.obj)' o en 'C:\Users\PcCom\Documents\UPC\GT-Engine\GameEngine\Debug\BulletCollision.pdb'; se vinculará el objeto sin tener en cuenta información de depuración
BulletCollision_debug.lib(btDefaultCollisionConfiguration.obj) : warning LNK4099: no se encontró PDB 'BulletCollision.pdb' con 'BulletCollision_debug.lib(btDefaultCollisionConfiguration.obj)' o en 'C:\Users\PcCom\Documents\UPC\GT-Engine\GameEngine\Debug\BulletCollision.pdb'; se vinculará el objeto sin tener en cuenta información de depuración
BulletCollision_debug.lib(btEmptyCollisionAlgorithm.obj) : warning LNK4099: no se encontró PDB 'BulletCollision.pdb' con 'BulletCollision_debug.lib(btEmptyCollisionAlgorithm.obj)' o en 'C:\Users\PcCom\Documents\UPC\GT-Engine\GameEngine\Debug\BulletCollision.pdb'; se vinculará el objeto sin tener en cuenta información de depuración
BulletCollision_debug.lib(btHashedSimplePairCache.obj) : warning LNK4099: no se encontró PDB 'BulletCollision.pdb' con 'BulletCollision_debug.lib(btHashedSimplePairCache.obj)' o en 'C:\Users\PcCom\Documents\UPC\GT-Engine\GameEngine\Debug\BulletCollision.pdb'; se vinculará el objeto sin tener en cuenta información de depuración
BulletCollision_debug.lib(btManifoldResult.obj) : warning LNK4099: no se encontró PDB 'BulletCollision.pdb' con 'BulletCollision_debug.lib(btManifoldResult.obj)' o en 'C:\Users\PcCom\Documents\UPC\GT-Engine\GameEngine\Debug\BulletCollision.pdb'; se vinculará el objeto sin tener en cuenta información de depuración
BulletCollision_debug.lib(btSimulationIslandManager.obj) : warning LNK4099: no se encontró PDB 'BulletCollision.pdb' con 'BulletCollision_debug.lib(btSimulationIslandManager.obj)' o en 'C:\Users\PcCom\Documents\UPC\GT-Engine\GameEngine\Debug\BulletCollision.pdb'; se vinculará el objeto sin tener en cuenta información de depuración
BulletCollision_debug.lib(btSphereSphereCollisionAlgorithm.obj) : warning LNK4099: no se encontró PDB 'BulletCollision.pdb' con 'BulletCollision_debug.lib(btSphereSphereCollisionAlgorithm.obj)' o en 'C:\Users\PcCom\Documents\UPC\GT-Engine\GameEngine\Debug\BulletCollision.pdb'; se vinculará el objeto sin tener en cuenta información de depuración
BulletCollision_debug.lib(btSphereTriangleCollisionAlgorithm.obj) : warning LNK4099: no se encontró PDB 'BulletCollision.pdb' con 'BulletCollision_debug.lib(btSphereTriangleCollisionAlgorithm.obj)' o en 'C:\Users\PcCom\Documents\UPC\GT-Engine\GameEngine\Debug\BulletCollision.pdb'; se vinculará el objeto sin tener en cuenta información de depuración
BulletCollision_debug.lib(btUnionFind.obj) : warning LNK4099: no se encontró PDB 'BulletCollision.pdb' con 'BulletCollision_debug.lib(btUnionFind.obj)' o en 'C:\Users\PcCom\Documents\UPC\GT-Engine\GameEngine\Debug\BulletCollision.pdb'; se vinculará el objeto sin tener en cuenta información de depuración
BulletCollision_debug.lib(SphereTriangleDetector.obj) : warning LNK4099: no se encontró PDB 'BulletCollision.pdb' con 'BulletCollision_debug.lib(SphereTriangleDetector.obj)' o en 'C:\Users\PcCom\Documents\UPC\GT-Engine\GameEngine\Debug\BulletCollision.pdb'; se vinculará el objeto sin tener en cuenta información de depuración
BulletCollision_debug.lib(btBoxShape.obj) : warning LNK4099: no se encontró PDB 'BulletCollision.pdb' con 'BulletCollision_debug.lib(btBoxShape.obj)' o en 'C:\Users\PcCom\Documents\UPC\GT-Engine\GameEngine\Debug\BulletCollision.pdb'; se vinculará el objeto sin tener en cuenta información de depuración
BulletCollision_debug.lib(btBvhTriangleMeshShape.obj) : warning LNK4099: no se encontró PDB 'BulletCollision.pdb' con 'BulletCollision_debug.lib(btBvhTriangleMeshShape.obj)' o en 'C:\Users\PcCom\Documents\UPC\GT-Engine\GameEngine\Debug\BulletCollision.pdb'; se vinculará el objeto sin tener en cuenta información de depuración
BulletCollision_debug.lib(btCollisionShape.obj) : warning LNK4099: no se encontró PDB 'BulletCollision.pdb' con 'BulletCollision_debug.lib(btCollisionShape.obj)' o en 'C:\Users\PcCom\Documents\UPC\GT-Engine\GameEngine\Debug\BulletCollision.pdb'; se vinculará el objeto sin tener en cuenta información de depuración
BulletCollision_debug.lib(btCompoundShape.obj) : warning LNK4099: no se encontró PDB 'BulletCollision.pdb' con 'BulletCollision_debug.lib(btCompoundShape.obj)' o en 'C:\Users\PcCom\Documents\UPC\GT-Engine\GameEngine\Debug\BulletCollision.pdb'; se vinculará el objeto sin tener en cuenta información de depuración
BulletCollision_debug.lib(btConcaveShape.obj) : warning LNK4099: no se encontró PDB 'BulletCollision.pdb' con 'BulletCollision_debug.lib(btConcaveShape.obj)' o en 'C:\Users\PcCom\Documents\UPC\GT-Engine\GameEngine\Debug\BulletCollision.pdb'; se vinculará el objeto sin tener en cuenta información de depuración
BulletCollision_debug.lib(btConvexInternalShape.obj) : warning LNK4099: no se encontró PDB 'BulletCollision.pdb' con 'BulletCollision_debug.lib(btConvexInternalShape.obj)' o en 'C:\Users\PcCom\Documents\UPC\GT-Engine\GameEngine\Debug\BulletCollision.pdb'; se vinculará el objeto sin tener en cuenta información de depuración
BulletCollision_debug.lib(btConvexPolyhedron.obj) : warning LNK4099: no se encontró PDB 'BulletCollision.pdb' con 'BulletCollision_debug.lib(btConvexPolyhedron.obj)' o en 'C:\Users\PcCom\Documents\UPC\GT-Engine\GameEngine\Debug\BulletCollision.pdb'; se vinculará el objeto sin tener en cuenta información de depuración
BulletCollision_debug.lib(btConvexShape.obj) : warning LNK4099: no se encontró PDB 'BulletCollision.pdb' con 'BulletCollision_debug.lib(btConvexShape.obj)' o en 'C:\Users\PcCom\Documents\UPC\GT-Engine\GameEngine\Debug\BulletCollision.pdb'; se vinculará el objeto sin tener en cuenta información de depuración
BulletCollision_debug.lib(btCylinderShape.obj) : warning LNK4099: no se encontró PDB 'BulletCollision.pdb' con 'BulletCollision_debug.lib(btCylinderShape.obj)' o en 'C:\Users\PcCom\Documents\UPC\GT-Engine\GameEngine\Debug\BulletCollision.pdb'; se vinculará el objeto sin tener en cuenta información de depuración
BulletCollision_debug.lib(btOptimizedBvh.obj) : warning LNK4099: no se encontró PDB 'BulletCollision.pdb' con 'BulletCollision_debug.lib(btOptimizedBvh.obj)' o en 'C:\Users\PcCom\Documents\UPC\GT-Engine\GameEngine\Debug\BulletCollision.pdb'; se vinculará el objeto sin tener en cuenta información de depuración
BulletCollision_debug.lib(btPolyhedralConvexShape.obj) : warning LNK4099: no se encontró PDB 'BulletCollision.pdb' con 'BulletCollision_debug.lib(btPolyhedralConvexShape.obj)' o en 'C:\Users\PcCom\Documents\UPC\GT-Engine\GameEngine\Debug\BulletCollision.pdb'; se vinculará el objeto sin tener en cuenta información de depuración
BulletCollision_debug.lib(btSphereShape.obj) : warning LNK4099: no se encontró PDB 'BulletCollision.pdb' con 'BulletCollision_debug.lib(btSphereShape.obj)' o en 'C:\Users\PcCom\Documents\UPC\GT-Engine\GameEngine\Debug\BulletCollision.pdb'; se vinculará el objeto sin tener en cuenta información de depuración
BulletCollision_debug.lib(btStaticPlaneShape.obj) : warning LNK4099: no se encontró PDB 'BulletCollision.pdb' con 'BulletCollision_debug.lib(btStaticPlaneShape.obj)' o en 'C:\Users\PcCom\Documents\UPC\GT-Engine\GameEngine\Debug\BulletCollision.pdb'; se vinculará el objeto sin tener en cuenta información de depuración
BulletCollision_debug.lib(btTriangleCallback.obj) : warning LNK4099: no se encontró PDB 'BulletCollision.pdb' con 'BulletCollision_debug.lib(btTriangleCallback.obj)' o en 'C:\Users\PcCom\Documents\UPC\GT-Engine\GameEngine\Debug\BulletCollision.pdb'; se vinculará el objeto sin tener en cuenta información de depuración
BulletCollision_debug.lib(btTriangleMeshShape.obj) : warning LNK4099: no se encontró PDB 'BulletCollision.pdb' con 'BulletCollision_debug.lib(btTriangleMeshShape.obj)' o en 'C:\Users\PcCom\Documents\UPC\GT-Engine\GameEngine\Debug\BulletCollision.pdb'; se vinculará el objeto sin tener en cuenta información de depuración
BulletCollision_debug.lib(btContinuousConvexCollision.obj) : warning LNK4099: no se encontró PDB 'BulletCollision.pdb' con 'BulletCollision_debug.lib(btContinuousConvexCollision.obj)' o en 'C:\Users\PcCom\Documents\UPC\GT-Engine\GameEngine\Debug\BulletCollision.pdb'; se vinculará el objeto sin tener en cuenta información de depuración
BulletCollision_debug.lib(btConvexCast.obj) : warning LNK4099: no se encontró PDB 'BulletCollision.pdb' con 'BulletCollision_debug.lib(btConvexCast.obj)' o en 'C:\Users\PcCom\Documents\UPC\GT-Engine\GameEngine\Debug\BulletCollision.pdb'; se vinculará el objeto sin tener en cuenta información de depuración
BulletCollision_debug.lib(btGjkConvexCast.obj) : warning LNK4099: no se encontró PDB 'BulletCollision.pdb' con 'BulletCollision_debug.lib(btGjkConvexCast.obj)' o en 'C:\Users\PcCom\Documents\UPC\GT-Engine\GameEngine\Debug\BulletCollision.pdb'; se vinculará el objeto sin tener en cuenta información de depuración
BulletCollision_debug.lib(btGjkEpa2.obj) : warning LNK4099: no se encontró PDB 'BulletCollision.pdb' con 'BulletCollision_debug.lib(btGjkEpa2.obj)' o en 'C:\Users\PcCom\Documents\UPC\GT-Engine\GameEngine\Debug\BulletCollision.pdb'; se vinculará el objeto sin tener en cuenta información de depuración
BulletCollision_debug.lib(btGjkEpaPenetrationDepthSolver.obj) : warning LNK4099: no se encontró PDB 'BulletCollision.pdb' con 'BulletCollision_debug.lib(btGjkEpaPenetrationDepthSolver.obj)' o en 'C:\Users\PcCom\Documents\UPC\GT-Engine\GameEngine\Debug\BulletCollision.pdb'; se vinculará el objeto sin tener en cuenta información de depuración
BulletCollision_debug.lib(btGjkPairDetector.obj) : warning LNK4099: no se encontró PDB 'BulletCollision.pdb' con 'BulletCollision_debug.lib(btGjkPairDetector.obj)' o en 'C:\Users\PcCom\Documents\UPC\GT-Engine\GameEngine\Debug\BulletCollision.pdb'; se vinculará el objeto sin tener en cuenta información de depuración
BulletCollision_debug.lib(btMinkowskiPenetrationDepthSolver.obj) : warning LNK4099: no se encontró PDB 'BulletCollision.pdb' con 'BulletCollision_debug.lib(btMinkowskiPenetrationDepthSolver.obj)' o en 'C:\Users\PcCom\Documents\UPC\GT-Engine\GameEngine\Debug\BulletCollision.pdb'; se vinculará el objeto sin tener en cuenta información de depuración
BulletCollision_debug.lib(btPersistentManifold.obj) : warning LNK4099: no se encontró PDB 'BulletCollision.pdb' con 'BulletCollision_debug.lib(btPersistentManifold.obj)' o en 'C:\Users\PcCom\Documents\UPC\GT-Engine\GameEngine\Debug\BulletCollision.pdb'; se vinculará el objeto sin tener en cuenta información de depuración
BulletCollision_debug.lib(btRaycastCallback.obj) : warning LNK4099: no se encontró PDB 'BulletCollision.pdb' con 'BulletCollision_debug.lib(btRaycastCallback.obj)' o en 'C:\Users\PcCom\Documents\UPC\GT-Engine\GameEngine\Debug\BulletCollision.pdb'; se vinculará el objeto sin tener en cuenta información de depuración
BulletCollision_debug.lib(btSubSimplexConvexCast.obj) : warning LNK4099: no se encontró PDB 'BulletCollision.pdb' con 'BulletCollision_debug.lib(btSubSimplexConvexCast.obj)' o en 'C:\Users\PcCom\Documents\UPC\GT-Engine\GameEngine\Debug\BulletCollision.pdb'; se vinculará el objeto sin tener en cuenta información de depuración
BulletCollision_debug.lib(btVoronoiSimplexSolver.obj) : warning LNK4099: no se encontró PDB 'BulletCollision.pdb' con 'BulletCollision_debug.lib(btVoronoiSimplexSolver.obj)' o en 'C:\Users\PcCom\Documents\UPC\GT-Engine\GameEngine\Debug\BulletCollision.pdb'; se vinculará el objeto sin tener en cuenta información de depuración
BulletCollision_debug.lib(btPolyhedralContactClipping.obj) : warning LNK4099: no se encontró PDB 'BulletCollision.pdb' con 'BulletCollision_debug.lib(btPolyhedralContactClipping.obj)' o en 'C:\Users\PcCom\Documents\UPC\GT-Engine\GameEngine\Debug\BulletCollision.pdb'; se vinculará el objeto sin tener en cuenta información de depuración
LinearMath_debug.lib(btAlignedAllocator.obj) : warning LNK4099: no se encontró PDB 'LinearMath.pdb' con 'LinearMath_debug.lib(btAlignedAllocator.obj)' o en 'C:\Users\PcCom\Documents\UPC\GT-Engine\GameEngine\Debug\LinearMath.pdb'; se vinculará el objeto sin tener en cuenta información de depuración
LinearMath_debug.lib(btConvexHullComputer.obj) : warning LNK4099: no se encontró PDB 'LinearMath.pdb' con 'LinearMath_debug.lib(btConvexHullComputer.obj)' o en 'C:\Users\PcCom\Documents\UPC\GT-Engine\GameEngine\Debug\LinearMath.pdb'; se vinculará el objeto sin tener en cuenta información de depuración
LinearMath_debug.lib(btGeometryUtil.obj) : warning LNK4099: no se encontró PDB 'LinearMath.pdb' con 'LinearMath_debug.lib(btGeometryUtil.obj)' o en 'C:\Users\PcCom\Documents\UPC\GT-Engine\GameEngine\Debug\LinearMath.pdb'; se vinculará el objeto sin tener en cuenta información de depuración
LinearMath_debug.lib(btQuickprof.obj) : warning LNK4099: no se encontró PDB 'LinearMath.pdb' con 'LinearMath_debug.lib(btQuickprof.obj)' o en 'C:\Users\PcCom\Documents\UPC\GT-Engine\GameEngine\Debug\LinearMath.pdb'; se vinculará el objeto sin tener en cuenta información de depuración
LinearMath_debug.lib(btVector3.obj) : warning LNK4099: no se encontró PDB 'LinearMath.pdb' con 'LinearMath_debug.lib(btVector3.obj)' o en 'C:\Users\PcCom\Documents\UPC\GT-Engine\GameEngine\Debug\LinearMath.pdb'; se vinculará el objeto sin tener en cuenta información de depuración
  GT Engine.vcxproj -> C:\Users\PcCom\Documents\UPC\GT-Engine\GameEngine\Debug\GT GameEngine.exe
  GT Engine.vcxproj -> C:\Users\PcCom\Documents\UPC\GT-Engine\GameEngine\Debug\GT GameEngine.pdb (Full PDB)
