c:\users\pccom\documents\upc\gt-engine\gameengine\debug\vc140.pdb
c:\users\pccom\documents\upc\gt-engine\gameengine\debug\vc140.idb
c:\users\pccom\documents\upc\gt-engine\gameengine\debug\color.obj
c:\users\pccom\documents\upc\gt-engine\gameengine\debug\glmath.obj
c:\users\pccom\documents\upc\gt-engine\gameengine\debug\imgui.obj
c:\users\pccom\documents\upc\gt-engine\gameengine\debug\imgui_draw.obj
c:\users\pccom\documents\upc\gt-engine\gameengine\debug\light.obj
c:\users\pccom\documents\upc\gt-engine\gameengine\debug\log.obj
c:\users\pccom\documents\upc\gt-engine\gameengine\debug\main.obj
c:\users\pccom\documents\upc\gt-engine\gameengine\debug\moduleaudio.obj
c:\users\pccom\documents\upc\gt-engine\gameengine\debug\modulecamera3d.obj
c:\users\pccom\documents\upc\gt-engine\gameengine\debug\moduleeditor.obj
c:\users\pccom\documents\upc\gt-engine\gameengine\debug\moduleinput.obj
c:\users\pccom\documents\upc\gt-engine\gameengine\debug\modulephysics3d.obj
c:\users\pccom\documents\upc\gt-engine\gameengine\debug\moduleplayer.obj
c:\users\pccom\documents\upc\gt-engine\gameengine\debug\modulerenderer3d.obj
c:\users\pccom\documents\upc\gt-engine\gameengine\debug\modulescene.obj
c:\users\pccom\documents\upc\gt-engine\gameengine\debug\modulewindow.obj
c:\users\pccom\documents\upc\gt-engine\gameengine\debug\physbody3d.obj
c:\users\pccom\documents\upc\gt-engine\gameengine\debug\physvehicle3d.obj
c:\users\pccom\documents\upc\gt-engine\gameengine\debug\primitive.obj
c:\users\pccom\documents\upc\gt-engine\gameengine\debug\timer.obj
c:\users\pccom\documents\upc\gt-engine\gameengine\debug\application.obj
c:\users\pccom\documents\upc\gt-engine\gameengine\debug\imgui_impl_sdl_gl3.obj
c:\users\pccom\documents\upc\gt-engine\gameengine\debug\gl3w.obj
c:\users\pccom\documents\upc\gt-engine\gameengine\debug\gt gameengine.ilk
c:\users\pccom\documents\upc\gt-engine\gameengine\debug\gt gameengine.exe
c:\users\pccom\documents\upc\gt-engine\gameengine\debug\gt gameengine.pdb
c:\users\pccom\documents\upc\gt-engine\gameengine\debug\gt gameengine.res
c:\users\pccom\documents\upc\gt-engine\gameengine\debug\gt gameengine.tlog\cl.command.1.tlog
c:\users\pccom\documents\upc\gt-engine\gameengine\debug\gt gameengine.tlog\cl.read.1.tlog
c:\users\pccom\documents\upc\gt-engine\gameengine\debug\gt gameengine.tlog\cl.write.1.tlog
c:\users\pccom\documents\upc\gt-engine\gameengine\debug\gt gameengine.tlog\link.command.1.tlog
c:\users\pccom\documents\upc\gt-engine\gameengine\debug\gt gameengine.tlog\link.read.1.tlog
c:\users\pccom\documents\upc\gt-engine\gameengine\debug\gt gameengine.tlog\link.write.1.tlog
c:\users\pccom\documents\upc\gt-engine\gameengine\debug\gt gameengine.tlog\rc.command.1.tlog
c:\users\pccom\documents\upc\gt-engine\gameengine\debug\gt gameengine.tlog\rc.read.1.tlog
c:\users\pccom\documents\upc\gt-engine\gameengine\debug\gt gameengine.tlog\rc.write.1.tlog
